csvファイル/home/share/web/www/happy/wp-content/themes/nanairo/school/binan/data_sheet.xlsxの登録を完了
csvファイル/home/share/web/www/happy/wp-content/themes/nanairo/school/fukui/data_sheet.xlsxの登録を完了
csvファイル/home/share/web/www/happy/wp-content/themes/nanairo/school/hokuban/data_sheet.xlsxの登録を完了
csvファイル/home/share/web/www/happy/wp-content/themes/nanairo/school/kakegawa/data_sheet.xlsxの登録を完了
csvファイル/home/share/web/www/happy/wp-content/themes/nanairo/school/kanonji/data_sheet.xlsxの登録を完了
csvファイル/home/share/web/www/happy/wp-content/themes/nanairo/school/komatsu/data_sheet.xlsxの登録を完了
csvファイル/home/share/web/www/happy/wp-content/themes/nanairo/school/kyoritsu_emukae/data_sheet.xlsxの登録を完了
csvファイル/home/share/web/www/happy/wp-content/themes/nanairo/school/kyoritsu_hino/data_sheet.xlsxの登録を完了
csvファイル/home/share/web/www/happy/wp-content/themes/nanairo/school/kyoritsu_ono/data_sheet.xlsxの登録を完了
csvファイル/home/share/web/www/happy/wp-content/themes/nanairo/school/magio_kagoshima/data_sheet.xlsxの登録を完了
csvファイル/home/share/web/www/happy/wp-content/themes/nanairo/school/magio_wakayama/data_sheet.xlsxの登録を完了
csvファイル/home/share/web/www/happy/wp-content/themes/nanairo/school/matsueshimane/data_sheet.xlsxの登録を完了
csvファイル/home/share/web/www/happy/wp-content/themes/nanairo/school/nakakuma/data_sheet.xlsxの登録を完了
csvファイル/home/share/web/www/happy/wp-content/themes/nanairo/school/nihonkai/data_sheet.xlsxの登録を完了
csvファイル/home/share/web/www/happy/wp-content/themes/nanairo/school/nishishibata/data_sheet.xlsxの登録を完了
csvファイル/home/share/web/www/happy/wp-content/themes/nanairo/school/obama/data_sheet.xlsxの登録を完了
csvファイル/home/share/web/www/happy/wp-content/themes/nanairo/school/omiya/data_sheet.xlsxの登録を完了
csvファイル/home/share/web/www/happy/wp-content/themes/nanairo/school/ono/data_sheet.xlsxの登録を完了
csvファイル/home/share/web/www/happy/wp-content/themes/nanairo/school/oomachi/data_sheet.xlsxの登録を完了
csvファイル/home/share/web/www/happy/wp-content/themes/nanairo/school/rikuzentakata/data_sheet.xlsxの登録を完了
csvファイル/home/share/web/www/happy/wp-content/themes/nanairo/school/sanin_chuou/data_sheet.xlsxの登録を完了
csvファイル/home/share/web/www/happy/wp-content/themes/nanairo/school/sekiya/data_sheet.xlsxの登録を完了
csvファイル/home/share/web/www/happy/wp-content/themes/nanairo/school/sizuokaken_seibu/data_sheet.xlsxの登録を完了
csvファイル/home/share/web/www/happy/wp-content/themes/nanairo/school/suibara/data_sheet.xlsxの登録を完了
csvファイル/home/share/web/www/happy/wp-content/themes/nanairo/school/susochu/data_sheet.xlsxの登録を完了
csvファイル/home/share/web/www/happy/wp-content/themes/nanairo/school/tenryu/data_sheet.xlsxの登録を完了
csvファイル/home/share/web/www/happy/wp-content/themes/nanairo/school/binan/data_sheet.xlsxの登録を完了
csvファイル/home/share/web/www/happy/wp-content/themes/nanairo/school/fukui/data_sheet.xlsxの登録を完了
csvファイル/home/share/web/www/happy/wp-content/themes/nanairo/school/hokuban/data_sheet.xlsxの登録を完了
csvファイル/home/share/web/www/happy/wp-content/themes/nanairo/school/kakegawa/data_sheet.xlsxの登録を完了
csvファイル/home/share/web/www/happy/wp-content/themes/nanairo/school/kanonji/data_sheet.xlsxの登録を完了
csvファイル/home/share/web/www/happy/wp-content/themes/nanairo/school/komatsu/data_sheet.xlsxの登録を完了
csvファイル/home/share/web/www/happy/wp-content/themes/nanairo/school/kyoritsu_emukae/data_sheet.xlsxの登録を完了
csvファイル/home/share/web/www/happy/wp-content/themes/nanairo/school/kyoritsu_hino/data_sheet.xlsxの登録を完了
csvファイル/home/share/web/www/happy/wp-content/themes/nanairo/school/kyoritsu_ono/data_sheet.xlsxの登録を完了
csvファイル/home/share/web/www/happy/wp-content/themes/nanairo/school/magio_kagoshima/data_sheet.xlsxの登録を完了
csvファイル/home/share/web/www/happy/wp-content/themes/nanairo/school/magio_wakayama/data_sheet.xlsxの登録を完了
csvファイル/home/share/web/www/happy/wp-content/themes/nanairo/school/matsueshimane/data_sheet.xlsxの登録を完了
csvファイル/home/share/web/www/happy/wp-content/themes/nanairo/school/nakakuma/data_sheet.xlsxの登録を完了
csvファイル/home/share/web/www/happy/wp-content/themes/nanairo/school/nihonkai/data_sheet.xlsxの登録を完了
csvファイル/home/share/web/www/happy/wp-content/themes/nanairo/school/nishishibata/data_sheet.xlsxの登録を完了
csvファイル/home/share/web/www/happy/wp-content/themes/nanairo/school/obama/data_sheet.xlsxの登録を完了
csvファイル/home/share/web/www/happy/wp-content/themes/nanairo/school/binan/data_sheet.xlsxの登録を完了
csvファイル/home/share/web/www/happy/wp-content/themes/nanairo/school/fukui/data_sheet.xlsxの登録を完了
csvファイル/home/share/web/www/happy/wp-content/themes/nanairo/school/hokuban/data_sheet.xlsxの登録を完了
csvファイル/home/share/web/www/happy/wp-content/themes/nanairo/school/kakegawa/data_sheet.xlsxの登録を完了
csvファイル/home/share/web/www/happy/wp-content/themes/nanairo/school/kanonji/data_sheet.xlsxの登録を完了
csvファイル/home/share/web/www/happy/wp-content/themes/nanairo/school/komatsu/data_sheet.xlsxの登録を完了
csvファイル/home/share/web/www/happy/wp-content/themes/nanairo/school/kyoritsu_emukae/data_sheet.xlsxの登録を完了
csvファイル/home/share/web/www/happy/wp-content/themes/nanairo/school/kyoritsu_hino/data_sheet.xlsxの登録を完了
csvファイル/home/share/web/www/happy/wp-content/themes/nanairo/school/kyoritsu_ono/data_sheet.xlsxの登録を完了
csvファイル/home/share/web/www/happy/wp-content/themes/nanairo/school/magio_kagoshima/data_sheet.xlsxの登録を完了
csvファイル/home/share/web/www/happy/wp-content/themes/nanairo/school/magio_wakayama/data_sheet.xlsxの登録を完了
csvファイル/home/share/web/www/happy/wp-content/themes/nanairo/school/matsueshimane/data_sheet.xlsxの登録を完了
csvファイル/home/share/web/www/happy/wp-content/themes/nanairo/school/nakakuma/data_sheet.xlsxの登録を完了
csvファイル/home/share/web/www/happy/wp-content/themes/nanairo/school/nihonkai/data_sheet.xlsxの登録を完了
csvファイル/home/share/web/www/happy/wp-content/themes/nanairo/school/nishishibata/data_sheet.xlsxの登録を完了
csvファイル/home/share/web/www/happy/wp-content/themes/nanairo/school/obama/data_sheet.xlsxの登録を完了
csvファイル/home/share/web/www/happy/wp-content/themes/nanairo/school/omiya/data_sheet.xlsxの登録を完了
csvファイル/home/share/web/www/happy/wp-content/themes/nanairo/school/ono/data_sheet.xlsxの登録を完了
csvファイル/home/share/web/www/happy/wp-content/themes/nanairo/school/oomachi/data_sheet.xlsxの登録を完了
csvファイル/home/share/web/www/happy/wp-content/themes/nanairo/school/rikuzentakata/data_sheet.xlsxの登録を完了
csvファイル/home/share/web/www/happy/wp-content/themes/nanairo/school/sanin_chuou/data_sheet.xlsxの登録を完了
csvファイル/home/share/web/www/happy/wp-content/themes/nanairo/school/sekiya/data_sheet.xlsxの登録を完了
csvファイル/home/share/web/www/happy/wp-content/themes/nanairo/school/sizuokaken_seibu/data_sheet.xlsxの登録を完了
csvファイル/home/share/web/www/happy/wp-content/themes/nanairo/school/suibara/data_sheet.xlsxの登録を完了
csvファイル/home/share/web/www/happy/wp-content/themes/nanairo/school/susochu/data_sheet.xlsxの登録を完了
csvファイル/home/share/web/www/happy/wp-content/themes/nanairo/school/tenryu/data_sheet.xlsxの登録を完了
csvファイル/home/share/web/www/happy/wp-content/themes/nanairo/school/binan/data_sheet.xlsxの登録を完了
csvファイル/home/share/web/www/happy/wp-content/themes/nanairo/school/fukui/data_sheet.xlsxの登録を完了
csvファイル/home/share/web/www/happy/wp-content/themes/nanairo/school/kakegawa/data_sheet.xlsxの登録を完了
csvファイル/home/share/web/www/happy/wp-content/themes/nanairo/school/kanonji/data_sheet.xlsxの登録を完了
csvファイル/home/share/web/www/happy/wp-content/themes/nanairo/school/komatsu/data_sheet.xlsxの登録を完了
csvファイル/home/share/web/www/happy/wp-content/themes/nanairo/school/kyoritsu_emukae/data_sheet.xlsxの登録を完了
csvファイル/home/share/web/www/happy/wp-content/themes/nanairo/school/kyoritsu_hino/data_sheet.xlsxの登録を完了
csvファイル/home/share/web/www/happy/wp-content/themes/nanairo/school/kyoritsu_ono/data_sheet.xlsxの登録を完了
csvファイル/home/share/web/www/happy/wp-content/themes/nanairo/school/magio_kagoshima/data_sheet.xlsxの登録を完了
csvファイル/home/share/web/www/happy/wp-content/themes/nanairo/school/magio_wakayama/data_sheet.xlsxの登録を完了
csvファイル/home/share/web/www/happy/wp-content/themes/nanairo/school/matsueshimane/data_sheet.xlsxの登録を完了
csvファイル/home/share/web/www/happy/wp-content/themes/nanairo/school/nakakuma/data_sheet.xlsxの登録を完了
csvファイル/home/share/web/www/happy/wp-content/themes/nanairo/school/nihonkai/data_sheet.xlsxの登録を完了
csvファイル/home/share/web/www/happy/wp-content/themes/nanairo/school/nishishibata/data_sheet.xlsxの登録を完了
csvファイル/home/share/web/www/happy/wp-content/themes/nanairo/school/obama/data_sheet.xlsxの登録を完了
csvファイル/home/share/web/www/happy/wp-content/themes/nanairo/school/omiya/data_sheet.xlsxの登録を完了
csvファイル/home/share/web/www/happy/wp-content/themes/nanairo/school/ono/data_sheet.xlsxの登録を完了
csvファイル/home/share/web/www/happy/wp-content/themes/nanairo/school/oomachi/data_sheet.xlsxの登録を完了
csvファイル/home/share/web/www/happy/wp-content/themes/nanairo/school/rikuzentakata/data_sheet.xlsxの登録を完了
csvファイル/home/share/web/www/happy/wp-content/themes/nanairo/school/sanin_chuou/data_sheet.xlsxの登録を完了
csvファイル/home/share/web/www/happy/wp-content/themes/nanairo/school/sekiya/data_sheet.xlsxの登録を完了
csvファイル/home/share/web/www/happy/wp-content/themes/nanairo/school/sizuokaken_seibu/data_sheet.xlsxの登録を完了
csvファイル/home/share/web/www/happy/wp-content/themes/nanairo/school/suibara/data_sheet.xlsxの登録を完了
csvファイル/home/share/web/www/happy/wp-content/themes/nanairo/school/susochu/data_sheet.xlsxの登録を完了
csvファイル/home/share/web/www/happy/wp-content/themes/nanairo/school/tenryu/data_sheet.xlsxの登録を完了
csvファイル/home/share/web/www/happy/wp-content/themes/nanairo/school/binan/data_sheet.xlsxの登録を完了
csvファイル/home/share/web/www/happy/wp-content/themes/nanairo/school/fukui/data_sheet.xlsxの登録を完了
csvファイル/home/share/web/www/happy/wp-content/themes/nanairo/school/kakegawa/data_sheet.xlsxの登録を完了
csvファイル/home/share/web/www/happy/wp-content/themes/nanairo/school/kanonji/data_sheet.xlsxの登録を完了
csvファイル/home/share/web/www/happy/wp-content/themes/nanairo/school/komatsu/data_sheet.xlsxの登録を完了
csvファイル/home/share/web/www/happy/wp-content/themes/nanairo/school/kyoritsu_emukae/data_sheet.xlsxの登録を完了
csvファイル/home/share/web/www/happy/wp-content/themes/nanairo/school/kyoritsu_hino/data_sheet.xlsxの登録を完了
csvファイル/home/share/web/www/happy/wp-content/themes/nanairo/school/kyoritsu_ono/data_sheet.xlsxの登録を完了
csvファイル/home/share/web/www/happy/wp-content/themes/nanairo/school/magio_kagoshima/data_sheet.xlsxの登録を完了
csvファイル/home/share/web/www/happy/wp-content/themes/nanairo/school/magio_wakayama/data_sheet.xlsxの登録を完了
csvファイル/home/share/web/www/happy/wp-content/themes/nanairo/school/matsueshimane/data_sheet.xlsxの登録を完了
csvファイル/home/share/web/www/happy/wp-content/themes/nanairo/school/nakakuma/data_sheet.xlsxの登録を完了
csvファイル/home/share/web/www/happy/wp-content/themes/nanairo/school/nihonkai/data_sheet.xlsxの登録を完了
csvファイル/home/share/web/www/happy/wp-content/themes/nanairo/school/nishishibata/data_sheet.xlsxの登録を完了
csvファイル/home/share/web/www/happy/wp-content/themes/nanairo/school/obama/data_sheet.xlsxの登録を完了
csvファイル/home/share/web/www/happy/wp-content/themes/nanairo/school/omiya/data_sheet.xlsxの登録を完了
csvファイル/home/share/web/www/happy/wp-content/themes/nanairo/school/ono/data_sheet.xlsxの登録を完了
csvファイル/home/share/web/www/happy/wp-content/themes/nanairo/school/oomachi/data_sheet.xlsxの登録を完了
csvファイル/home/share/web/www/happy/wp-content/themes/nanairo/school/rikuzentakata/data_sheet.xlsxの登録を完了
csvファイル/home/share/web/www/happy/wp-content/themes/nanairo/school/sanin_chuou/data_sheet.xlsxの登録を完了
csvファイル/home/share/web/www/happy/wp-content/themes/nanairo/school/sekiya/data_sheet.xlsxの登録を完了
csvファイル/home/share/web/www/happy/wp-content/themes/nanairo/school/sizuokaken_seibu/data_sheet.xlsxの登録を完了
csvファイル/home/share/web/www/happy/wp-content/themes/nanairo/school/suibara/data_sheet.xlsxの登録を完了
csvファイル/home/share/web/www/happy/wp-content/themes/nanairo/school/susochu/data_sheet.xlsxの登録を完了
csvファイル/home/share/web/www/happy/wp-content/themes/nanairo/school/tenryu/data_sheet.xlsxの登録を完了
csvファイル/home/share/web/www/happy/wp-content/themes/nanairo/school/binan/data_sheet.xlsxの登録を完了
csvファイル/home/share/web/www/happy/wp-content/themes/nanairo/school/fukui/data_sheet.xlsxの登録を完了
csvファイル/home/share/web/www/happy/wp-content/themes/nanairo/school/kakegawa/data_sheet.xlsxの登録を完了
csvファイル/home/share/web/www/happy/wp-content/themes/nanairo/school/kanonji/data_sheet.xlsxの登録を完了
csvファイル/home/share/web/www/happy/wp-content/themes/nanairo/school/komatsu/data_sheet.xlsxの登録を完了
csvファイル/home/share/web/www/happy/wp-content/themes/nanairo/school/kyoritsu_emukae/data_sheet.xlsxの登録を完了
csvファイル/home/share/web/www/happy/wp-content/themes/nanairo/school/kyoritsu_hino/data_sheet.xlsxの登録を完了
csvファイル/home/share/web/www/happy/wp-content/themes/nanairo/school/kyoritsu_ono/data_sheet.xlsxの登録を完了
csvファイル/home/share/web/www/happy/wp-content/themes/nanairo/school/magio_kagoshima/data_sheet.xlsxの登録を完了
csvファイル/home/share/web/www/happy/wp-content/themes/nanairo/school/magio_wakayama/data_sheet.xlsxの登録を完了
csvファイル/home/share/web/www/happy/wp-content/themes/nanairo/school/matsueshimane/data_sheet.xlsxの登録を完了
csvファイル/home/share/web/www/happy/wp-content/themes/nanairo/school/nakakuma/data_sheet.xlsxの登録を完了
csvファイル/home/share/web/www/happy/wp-content/themes/nanairo/school/nihonkai/data_sheet.xlsxの登録を完了
csvファイル/home/share/web/www/happy/wp-content/themes/nanairo/school/nishishibata/data_sheet.xlsxの登録を完了
csvファイル/home/share/web/www/happy/wp-content/themes/nanairo/school/obama/data_sheet.xlsxの登録を完了
csvファイル/home/share/web/www/happy/wp-content/themes/nanairo/school/omiya/data_sheet.xlsxの登録を完了
csvファイル/home/share/web/www/happy/wp-content/themes/nanairo/school/ono/data_sheet.xlsxの登録を完了
csvファイル/home/share/web/www/happy/wp-content/themes/nanairo/school/oomachi/data_sheet.xlsxの登録を完了
csvファイル/home/share/web/www/happy/wp-content/themes/nanairo/school/rikuzentakata/data_sheet.xlsxの登録を完了
csvファイル/home/share/web/www/happy/wp-content/themes/nanairo/school/sanin_chuou/data_sheet.xlsxの登録を完了
csvファイル/home/share/web/www/happy/wp-content/themes/nanairo/school/sekiya/data_sheet.xlsxの登録を完了
csvファイル/home/share/web/www/happy/wp-content/themes/nanairo/school/sizuokaken_seibu/data_sheet.xlsxの登録を完了
csvファイル/home/share/web/www/happy/wp-content/themes/nanairo/school/suibara/data_sheet.xlsxの登録を完了
csvファイル/home/share/web/www/happy/wp-content/themes/nanairo/school/susochu/data_sheet.xlsxの登録を完了
csvファイル/home/share/web/www/happy/wp-content/themes/nanairo/school/tenryu/data_sheet.xlsxの登録を完了
csvファイル/home/share/web/www/happy/wp-content/themes/nanairo/school/binan/data_sheet.xlsxの登録を完了
csvファイル/home/share/web/www/happy/wp-content/themes/nanairo/school/fukui/data_sheet.xlsxの登録を完了
csvファイル/home/share/web/www/happy/wp-content/themes/nanairo/school/hokuban/data_sheet.xlsxの登録を完了
csvファイル/home/share/web/www/happy/wp-content/themes/nanairo/school/kakegawa/data_sheet.xlsxの登録を完了
csvファイル/home/share/web/www/happy/wp-content/themes/nanairo/school/binan/data_sheet.xlsxの登録を完了
csvファイル/home/share/web/www/happy/wp-content/themes/nanairo/school/kanonji/data_sheet.xlsxの登録を完了
csvファイル/home/share/web/www/happy/wp-content/themes/nanairo/school/fukui/data_sheet.xlsxの登録を完了
csvファイル/home/share/web/www/happy/wp-content/themes/nanairo/school/hokuban/data_sheet.xlsxの登録を完了
csvファイル/home/share/web/www/happy/wp-content/themes/nanairo/school/kakegawa/data_sheet.xlsxの登録を完了
csvファイル/home/share/web/www/happy/wp-content/themes/nanairo/school/kanonji/data_sheet.xlsxの登録を完了
csvファイル/home/share/web/www/happy/wp-content/themes/nanairo/school/komatsu/data_sheet.xlsxの登録を完了
csvファイル/home/share/web/www/happy/wp-content/themes/nanairo/school/kyoritsu_emukae/data_sheet.xlsxの登録を完了
csvファイル/home/share/web/www/happy/wp-content/themes/nanairo/school/kyoritsu_hino/data_sheet.xlsxの登録を完了
csvファイル/home/share/web/www/happy/wp-content/themes/nanairo/school/kyoritsu_ono/data_sheet.xlsxの登録を完了
csvファイル/home/share/web/www/happy/wp-content/themes/nanairo/school/magio_kagoshima/data_sheet.xlsxの登録を完了
csvファイル/home/share/web/www/happy/wp-content/themes/nanairo/school/magio_wakayama/data_sheet.xlsxの登録を完了
csvファイル/home/share/web/www/happy/wp-content/themes/nanairo/school/matsueshimane/data_sheet.xlsxの登録を完了
csvファイル/home/share/web/www/happy/wp-content/themes/nanairo/school/nakakuma/data_sheet.xlsxの登録を完了
csvファイル/home/share/web/www/happy/wp-content/themes/nanairo/school/nihonkai/data_sheet.xlsxの登録を完了
csvファイル/home/share/web/www/happy/wp-content/themes/nanairo/school/nishishibata/data_sheet.xlsxの登録を完了
csvファイル/home/share/web/www/happy/wp-content/themes/nanairo/school/obama/data_sheet.xlsxの登録を完了
csvファイル/home/share/web/www/happy/wp-content/themes/nanairo/school/hokuban/data_sheet.xlsxの登録を完了
csvファイル/home/share/web/www/happy/wp-content/themes/nanairo/school/hokuban/data_sheet.xlsxの登録を完了
csvファイル/home/share/web/www/happy/wp-content/themes/nanairo/school/hokuban/data_sheet.xlsxの登録を完了
csvファイル/home/share/web/www/happy/wp-content/themes/nanairo/school/hokuban/data_sheet.xlsxの登録を完了
csvファイル/home/share/web/www/happy/wp-content/themes/nanairo/school/hokuban/data_sheet.xlsxの登録を完了
csvファイル/home/share/web/www/happy/wp-content/themes/nanairo/school/hokuban/data_sheet.xlsxの登録を完了
csvファイル/home/share/web/www/happy/wp-content/themes/nanairo/school/nihonkai/data_sheet.xlsxの登録を完了
csvファイル/home/share/web/www/happy/wp-content/themes/nanairo/school/binan/data_sheet.xlsxの登録を完了
csvファイル/home/share/web/www/happy/wp-content/themes/nanairo/school/fukui/data_sheet.xlsxの登録を完了
csvファイル/home/share/web/www/happy/wp-content/themes/nanairo/school/hokuban/data_sheet.xlsxの登録を完了
csvファイル/home/share/web/www/happy/wp-content/themes/nanairo/school/kakegawa/data_sheet.xlsxの登録を完了
csvファイル/home/share/web/www/happy/wp-content/themes/nanairo/school/kanonji/data_sheet.xlsxの登録を完了
csvファイル/home/share/web/www/happy/wp-content/themes/nanairo/school/komatsu/data_sheet.xlsxの登録を完了
csvファイル/home/share/web/www/happy/wp-content/themes/nanairo/school/kyoritsu_emukae/data_sheet.xlsxの登録を完了
csvファイル/home/share/web/www/happy/wp-content/themes/nanairo/school/kyoritsu_hino/data_sheet.xlsxの登録を完了
csvファイル/home/share/web/www/happy/wp-content/themes/nanairo/school/kyoritsu_ono/data_sheet.xlsxの登録を完了
csvファイル/home/share/web/www/happy/wp-content/themes/nanairo/school/magio_kagoshima/data_sheet.xlsxの登録を完了
csvファイル/home/share/web/www/happy/wp-content/themes/nanairo/school/magio_wakayama/data_sheet.xlsxの登録を完了
csvファイル/home/share/web/www/happy/wp-content/themes/nanairo/school/matsueshimane/data_sheet.xlsxの登録を完了
csvファイル/home/share/web/www/happy/wp-content/themes/nanairo/school/nakakuma/data_sheet.xlsxの登録を完了
csvファイル/home/share/web/www/happy/wp-content/themes/nanairo/school/nihonkai/data_sheet.xlsxの登録を完了
csvファイル/home/share/web/www/happy/wp-content/themes/nanairo/school/nishishibata/data_sheet.xlsxの登録を完了
csvファイル/home/share/web/www/happy/wp-content/themes/nanairo/school/obama/data_sheet.xlsxの登録を完了
csvファイル/home/share/web/www/happy/wp-content/themes/nanairo/school/omiya/data_sheet.xlsxの登録を完了
csvファイル/home/share/web/www/happy/wp-content/themes/nanairo/school/ono/data_sheet.xlsxの登録を完了
csvファイル/home/share/web/www/happy/wp-content/themes/nanairo/school/oomachi/data_sheet.xlsxの登録を完了
csvファイル/home/share/web/www/happy/wp-content/themes/nanairo/school/rikuzentakata/data_sheet.xlsxの登録を完了
csvファイル/home/share/web/www/happy/wp-content/themes/nanairo/school/sanin_chuou/data_sheet.xlsxの登録を完了
csvファイル/home/share/web/www/happy/wp-content/themes/nanairo/school/sekiya/data_sheet.xlsxの登録を完了
csvファイル/home/share/web/www/happy/wp-content/themes/nanairo/school/sizuokaken_seibu/data_sheet.xlsxの登録を完了
csvファイル/home/share/web/www/happy/wp-content/themes/nanairo/school/suibara/data_sheet.xlsxの登録を完了
csvファイル/home/share/web/www/happy/wp-content/themes/nanairo/school/susochu/data_sheet.xlsxの登録を完了
csvファイル/home/share/web/www/happy/wp-content/themes/nanairo/school/tenryu/data_sheet.xlsxの登録を完了
csvファイル/home/share/web/www/happy/wp-content/themes/nanairo/school/tottori_kurayoshi/data_sheet.xlsxの登録を完了
csvファイル/home/share/web/www/happy/wp-content/themes/nanairo/school/tottori_tobu/data_sheet.xlsxの登録を完了
csvファイル/home/share/web/www/happy/wp-content/themes/nanairo/school/tsuruga/data_sheet.xlsxの登録を完了
csvファイル/home/share/web/www/happy/wp-content/themes/nanairo/school/tsuruoka/data_sheet.xlsxの登録を完了
csvファイル/home/share/web/www/happy/wp-content/themes/nanairo/school/yasugi/data_sheet.xlsxの登録を完了
csvファイル/home/share/web/www/happy/wp-content/themes/nanairo/school/binan/data_sheet.xlsxの登録を完了
csvファイル/home/share/web/www/happy/wp-content/themes/nanairo/school/fukui/data_sheet.xlsxの登録を完了
csvファイル/home/share/web/www/happy/wp-content/themes/nanairo/school/hokuban/data_sheet.xlsxの登録を完了
csvファイル/home/share/web/www/happy/wp-content/themes/nanairo/school/kakegawa/data_sheet.xlsxの登録を完了
csvファイル/home/share/web/www/happy/wp-content/themes/nanairo/school/kanonji/data_sheet.xlsxの登録を完了
csvファイル/home/share/web/www/happy/wp-content/themes/nanairo/school/komatsu/data_sheet.xlsxの登録を完了
csvファイル/home/share/web/www/happy/wp-content/themes/nanairo/school/kyoritsu_emukae/data_sheet.xlsxの登録を完了
csvファイル/home/share/web/www/happy/wp-content/themes/nanairo/school/kyoritsu_hino/data_sheet.xlsxの登録を完了
csvファイル/home/share/web/www/happy/wp-content/themes/nanairo/school/kyoritsu_ono/data_sheet.xlsxの登録を完了
csvファイル/home/share/web/www/happy/wp-content/themes/nanairo/school/magio_kagoshima/data_sheet.xlsxの登録を完了
csvファイル/home/share/web/www/happy/wp-content/themes/nanairo/school/magio_wakayama/data_sheet.xlsxの登録を完了
csvファイル/home/share/web/www/happy/wp-content/themes/nanairo/school/matsueshimane/data_sheet.xlsxの登録を完了
csvファイル/home/share/web/www/happy/wp-content/themes/nanairo/school/nakakuma/data_sheet.xlsxの登録を完了
csvファイル/home/share/web/www/happy/wp-content/themes/nanairo/school/nihonkai/data_sheet.xlsxの登録を完了
csvファイル/home/share/web/www/happy/wp-content/themes/nanairo/school/nishishibata/data_sheet.xlsxの登録を完了
csvファイル/home/share/web/www/happy/wp-content/themes/nanairo/school/obama/data_sheet.xlsxの登録を完了
csvファイル/home/share/web/www/happy/wp-content/themes/nanairo/school/omiya/data_sheet.xlsxの登録を完了
csvファイル/home/share/web/www/happy/wp-content/themes/nanairo/school/ono/data_sheet.xlsxの登録を完了
csvファイル/home/share/web/www/happy/wp-content/themes/nanairo/school/oomachi/data_sheet.xlsxの登録を完了
csvファイル/home/share/web/www/happy/wp-content/themes/nanairo/school/rikuzentakata/data_sheet.xlsxの登録を完了
csvファイル/home/share/web/www/happy/wp-content/themes/nanairo/school/sanin_chuou/data_sheet.xlsxの登録を完了
csvファイル/home/share/web/www/happy/wp-content/themes/nanairo/school/sekiya/data_sheet.xlsxの登録を完了
csvファイル/home/share/web/www/happy/wp-content/themes/nanairo/school/sizuokaken_seibu/data_sheet.xlsxの登録を完了
csvファイル/home/share/web/www/happy/wp-content/themes/nanairo/school/suibara/data_sheet.xlsxの登録を完了
csvファイル/home/share/web/www/happy/wp-content/themes/nanairo/school/susochu/data_sheet.xlsxの登録を完了
csvファイル/home/share/web/www/happy/wp-content/themes/nanairo/school/tenryu/data_sheet.xlsxの登録を完了
csvファイル/home/share/web/www/happy/wp-content/themes/nanairo/school/tottori_kurayoshi/data_sheet.xlsxの登録を完了
csvファイル/home/share/web/www/happy/wp-content/themes/nanairo/school/tottori_tobu/data_sheet.xlsxの登録を完了
csvファイル/home/share/web/www/happy/wp-content/themes/nanairo/school/tsuruga/data_sheet.xlsxの登録を完了
csvファイル/home/share/web/www/happy/wp-content/themes/nanairo/school/tsuruoka/data_sheet.xlsxの登録を完了
csvファイル/home/share/web/www/happy/wp-content/themes/nanairo/school/yasugi/data_sheet.xlsxの登録を完了
csvファイル/home/share/web/www/happy/wp-content/themes/nanairo/school/akita_hokubu/data_sheet.xlsxの登録を完了
csvファイル/home/share/web/www/happy/wp-content/themes/nanairo/school/binan/data_sheet.xlsxの登録を完了
csvファイル/home/share/web/www/happy/wp-content/themes/nanairo/school/fukui/data_sheet.xlsxの登録を完了
csvファイル/home/share/web/www/happy/wp-content/themes/nanairo/school/hiraizumi/data_sheet.xlsxの登録を完了
csvファイル/home/share/web/www/happy/wp-content/themes/nanairo/school/hokuban/data_sheet.xlsxの登録を完了
csvファイル/home/share/web/www/happy/wp-content/themes/nanairo/school/kagohara/data_sheet.xlsxの登録を完了
csvファイル/home/share/web/www/happy/wp-content/themes/nanairo/school/kakegawa/data_sheet.xlsxの登録を完了
csvファイル/home/share/web/www/happy/wp-content/themes/nanairo/school/akita_hokubu/data_sheet.xlsxの登録を完了
csvファイル/home/share/web/www/happy/wp-content/themes/nanairo/school/binan/data_sheet.xlsxの登録を完了
csvファイル/home/share/web/www/happy/wp-content/themes/nanairo/school/fukui/data_sheet.xlsxの登録を完了
csvファイル/home/share/web/www/happy/wp-content/themes/nanairo/school/hiraizumi/data_sheet.xlsxの登録を完了
csvファイル/home/share/web/www/happy/wp-content/themes/nanairo/school/hokuban/data_sheet.xlsxの登録を完了
csvファイル/home/share/web/www/happy/wp-content/themes/nanairo/school/kagohara/data_sheet.xlsxの登録を完了
csvファイル/home/share/web/www/happy/wp-content/themes/nanairo/school/akita_hokubu/data_sheet.xlsxの登録を完了
csvファイル/home/share/web/www/happy/wp-content/themes/nanairo/school/binan/data_sheet.xlsxの登録を完了
csvファイル/home/share/web/www/happy/wp-content/themes/nanairo/school/fukui/data_sheet.xlsxの登録を完了
csvファイル/home/share/web/www/happy/wp-content/themes/nanairo/school/hiraizumi/data_sheet.xlsxの登録を完了
csvファイル/home/share/web/www/happy/wp-content/themes/nanairo/school/hokuban/data_sheet.xlsxの登録を完了
csvファイル/home/share/web/www/happy/wp-content/themes/nanairo/school/kagohara/data_sheet.xlsxの登録を完了
csvファイル/home/share/web/www/happy/wp-content/themes/nanairo/school/kakegawa/data_sheet.xlsxの登録を完了
csvファイル/home/share/web/www/happy/wp-content/themes/nanairo/school/kanonji/data_sheet.xlsxの登録を完了
csvファイル/home/share/web/www/happy/wp-content/themes/nanairo/school/komatsu/data_sheet.xlsxの登録を完了
csvファイル/home/share/web/www/happy/wp-content/themes/nanairo/school/kyoritsu_emukae/data_sheet.xlsxの登録を完了
csvファイル/home/share/web/www/happy/wp-content/themes/nanairo/school/kyoritsu_hino/data_sheet.xlsxの登録を完了
csvファイル/home/share/web/www/happy/wp-content/themes/nanairo/school/kyoritsu_ono/data_sheet.xlsxの登録を完了
csvファイル/home/share/web/www/happy/wp-content/themes/nanairo/school/magio_kagoshima/data_sheet.xlsxの登録を完了
csvファイル/home/share/web/www/happy/wp-content/themes/nanairo/school/magio_wakayama/data_sheet.xlsxの登録を完了
csvファイル/home/share/web/www/happy/wp-content/themes/nanairo/school/matsueshimane/data_sheet.xlsxの登録を完了
csvファイル/home/share/web/www/happy/wp-content/themes/nanairo/school/nakakuma/data_sheet.xlsxの登録を完了
csvファイル/home/share/web/www/happy/wp-content/themes/nanairo/school/nihonkai/data_sheet.xlsxの登録を完了
csvファイル/home/share/web/www/happy/wp-content/themes/nanairo/school/nishishibata/data_sheet.xlsxの登録を完了
csvファイル/home/share/web/www/happy/wp-content/themes/nanairo/school/obama/data_sheet.xlsxの登録を完了
csvファイル/home/share/web/www/happy/wp-content/themes/nanairo/school/omiya/data_sheet.xlsxの登録を完了
csvファイル/home/share/web/www/happy/wp-content/themes/nanairo/school/ono/data_sheet.xlsxの登録を完了
csvファイル/home/share/web/www/happy/wp-content/themes/nanairo/school/oomachi/data_sheet.xlsxの登録を完了
csvファイル/home/share/web/www/happy/wp-content/themes/nanairo/school/rikuzentakata/data_sheet.xlsxの登録を完了
csvファイル/home/share/web/www/happy/wp-content/themes/nanairo/school/sanin_chuou/data_sheet.xlsxの登録を完了
csvファイル/home/share/web/www/happy/wp-content/themes/nanairo/school/sekiya/data_sheet.xlsxの登録を完了
csvファイル/home/share/web/www/happy/wp-content/themes/nanairo/school/shirone/data_sheet.xlsxの登録を完了
csvファイル/home/share/web/www/happy/wp-content/themes/nanairo/school/sizuokaken_seibu/data_sheet.xlsxの登録を完了
csvファイル/home/share/web/www/happy/wp-content/themes/nanairo/school/suibara/data_sheet.xlsxの登録を完了
csvファイル/home/share/web/www/happy/wp-content/themes/nanairo/school/susochu/data_sheet.xlsxの登録を完了
csvファイル/home/share/web/www/happy/wp-content/themes/nanairo/school/tagami/data_sheet.xlsxの登録を完了
csvファイル/home/share/web/www/happy/wp-content/themes/nanairo/school/tenryu/data_sheet.xlsxの登録を完了
csvファイル/home/share/web/www/happy/wp-content/themes/nanairo/school/tottori_kurayoshi/data_sheet.xlsxの登録を完了
csvファイル/home/share/web/www/happy/wp-content/themes/nanairo/school/tottori_tobu/data_sheet.xlsxの登録を完了
csvファイル/home/share/web/www/happy/wp-content/themes/nanairo/school/tsuruga/data_sheet.xlsxの登録を完了
csvファイル/home/share/web/www/happy/wp-content/themes/nanairo/school/tsuruoka/data_sheet.xlsxの登録を完了
csvファイル/home/share/web/www/happy/wp-content/themes/nanairo/school/unakami/data_sheet.xlsxの登録を完了
csvファイル/home/share/web/www/happy/wp-content/themes/nanairo/school/yasugi/data_sheet.xlsxの登録を完了
csvファイル/home/share/web/www/happy/wp-content/themes/nanairo/school/yumoto/data_sheet.xlsxの登録を完了
csvファイル/home/share/web/www/happy/wp-content/themes/nanairo/school/akita_hokubu/data_sheet.xlsxの登録を完了
csvファイル/home/share/web/www/happy/wp-content/themes/nanairo/school/binan/data_sheet.xlsxの登録を完了
csvファイル/home/share/web/www/happy/wp-content/themes/nanairo/school/fukui/data_sheet.xlsxの登録を完了
csvファイル/home/share/web/www/happy/wp-content/themes/nanairo/school/hiraizumi/data_sheet.xlsxの登録を完了
csvファイル/home/share/web/www/happy/wp-content/themes/nanairo/school/hokuban/data_sheet.xlsxの登録を完了
csvファイル/home/share/web/www/happy/wp-content/themes/nanairo/school/kagohara/data_sheet.xlsxの登録を完了
csvファイル/home/share/web/www/happy/wp-content/themes/nanairo/school/kakegawa/data_sheet.xlsxの登録を完了
csvファイル/home/share/web/www/happy/wp-content/themes/nanairo/school/kanonji/data_sheet.xlsxの登録を完了
csvファイル/home/share/web/www/happy/wp-content/themes/nanairo/school/komatsu/data_sheet.xlsxの登録を完了
csvファイル/home/share/web/www/happy/wp-content/themes/nanairo/school/kyoritsu_emukae/data_sheet.xlsxの登録を完了
csvファイル/home/share/web/www/happy/wp-content/themes/nanairo/school/kyoritsu_hino/data_sheet.xlsxの登録を完了
csvファイル/home/share/web/www/happy/wp-content/themes/nanairo/school/kyoritsu_ono/data_sheet.xlsxの登録を完了
csvファイル/home/share/web/www/happy/wp-content/themes/nanairo/school/magio_kagoshima/data_sheet.xlsxの登録を完了
csvファイル/home/share/web/www/happy/wp-content/themes/nanairo/school/magio_wakayama/data_sheet.xlsxの登録を完了
csvファイル/home/share/web/www/happy/wp-content/themes/nanairo/school/matsueshimane/data_sheet.xlsxの登録を完了
csvファイル/home/share/web/www/happy/wp-content/themes/nanairo/school/matsuki_sakuranbo/data_sheet.xlsxの登録を完了
csvファイル/home/share/web/www/happy/wp-content/themes/nanairo/school/nakakuma/data_sheet.xlsxの登録を完了
csvファイル/home/share/web/www/happy/wp-content/themes/nanairo/school/nihonkai/data_sheet.xlsxの登録を完了
csvファイル/home/share/web/www/happy/wp-content/themes/nanairo/school/nishishibata/data_sheet.xlsxの登録を完了
csvファイル/home/share/web/www/happy/wp-content/themes/nanairo/school/obama/data_sheet.xlsxの登録を完了
csvファイル/home/share/web/www/happy/wp-content/themes/nanairo/school/omiya/data_sheet.xlsxの登録を完了
csvファイル/home/share/web/www/happy/wp-content/themes/nanairo/school/ono/data_sheet.xlsxの登録を完了
csvファイル/home/share/web/www/happy/wp-content/themes/nanairo/school/oomachi/data_sheet.xlsxの登録を完了
csvファイル/home/share/web/www/happy/wp-content/themes/nanairo/school/rikuzentakata/data_sheet.xlsxの登録を完了
csvファイル/home/share/web/www/happy/wp-content/themes/nanairo/school/sanin_chuou/data_sheet.xlsxの登録を完了
csvファイル/home/share/web/www/happy/wp-content/themes/nanairo/school/sekiya/data_sheet.xlsxの登録を完了
csvファイル/home/share/web/www/happy/wp-content/themes/nanairo/school/shirone/data_sheet.xlsxの登録を完了
csvファイル/home/share/web/www/happy/wp-content/themes/nanairo/school/sizuokaken_seibu/data_sheet.xlsxの登録を完了
csvファイル/home/share/web/www/happy/wp-content/themes/nanairo/school/suibara/data_sheet.xlsxの登録を完了
csvファイル/home/share/web/www/happy/wp-content/themes/nanairo/school/susochu/data_sheet.xlsxの登録を完了
csvファイル/home/share/web/www/happy/wp-content/themes/nanairo/school/tagami/data_sheet.xlsxの登録を完了
csvファイル/home/share/web/www/happy/wp-content/themes/nanairo/school/tenryu/data_sheet.xlsxの登録を完了
csvファイル/home/share/web/www/happy/wp-content/themes/nanairo/school/tottori_kurayoshi/data_sheet.xlsxの登録を完了
csvファイル/home/share/web/www/happy/wp-content/themes/nanairo/school/tottori_tobu/data_sheet.xlsxの登録を完了
csvファイル/home/share/web/www/happy/wp-content/themes/nanairo/school/tsuruga/data_sheet.xlsxの登録を完了
csvファイル/home/share/web/www/happy/wp-content/themes/nanairo/school/tsuruoka/data_sheet.xlsxの登録を完了
csvファイル/home/share/web/www/happy/wp-content/themes/nanairo/school/unakami/data_sheet.xlsxの登録を完了
csvファイル/home/share/web/www/happy/wp-content/themes/nanairo/school/yasugi/data_sheet.xlsxの登録を完了
csvファイル/home/share/web/www/happy/wp-content/themes/nanairo/school/yumoto/data_sheet.xlsxの登録を完了
csvファイル/home/share/web/www/happy/wp-content/themes/nanairo/school/akita_hokubu/data_sheet.xlsxの登録を完了
csvファイル/home/share/web/www/happy/wp-content/themes/nanairo/school/binan/data_sheet.xlsxの登録を完了
csvファイル/home/share/web/www/happy/wp-content/themes/nanairo/school/fukui/data_sheet.xlsxの登録を完了
csvファイル/home/share/web/www/happy/wp-content/themes/nanairo/school/hiraizumi/data_sheet.xlsxの登録を完了
csvファイル/home/share/web/www/happy/wp-content/themes/nanairo/school/hokuban/data_sheet.xlsxの登録を完了
csvファイル/home/share/web/www/happy/wp-content/themes/nanairo/school/kagohara/data_sheet.xlsxの登録を完了
csvファイル/home/share/web/www/happy/wp-content/themes/nanairo/school/kakegawa/data_sheet.xlsxの登録を完了
csvファイル/home/share/web/www/happy/wp-content/themes/nanairo/school/kanonji/data_sheet.xlsxの登録を完了
csvファイル/home/share/web/www/happy/wp-content/themes/nanairo/school/komatsu/data_sheet.xlsxの登録を完了
csvファイル/home/share/web/www/happy/wp-content/themes/nanairo/school/kyoritsu_emukae/data_sheet.xlsxの登録を完了
csvファイル/home/share/web/www/happy/wp-content/themes/nanairo/school/kyoritsu_hino/data_sheet.xlsxの登録を完了
csvファイル/home/share/web/www/happy/wp-content/themes/nanairo/school/kyoritsu_ono/data_sheet.xlsxの登録を完了
csvファイル/home/share/web/www/happy/wp-content/themes/nanairo/school/magio_kagoshima/data_sheet.xlsxの登録を完了
csvファイル/home/share/web/www/happy/wp-content/themes/nanairo/school/magio_wakayama/data_sheet.xlsxの登録を完了
csvファイル/home/share/web/www/happy/wp-content/themes/nanairo/school/matsueshimane/data_sheet.xlsxの登録を完了
csvファイル/home/share/web/www/happy/wp-content/themes/nanairo/school/matsuki_sakuranbo/data_sheet.xlsxの登録を完了
csvファイル/home/share/web/www/happy/wp-content/themes/nanairo/school/nakakuma/data_sheet.xlsxの登録を完了
csvファイル/home/share/web/www/happy/wp-content/themes/nanairo/school/nihonkai/data_sheet.xlsxの登録を完了
csvファイル/home/share/web/www/happy/wp-content/themes/nanairo/school/nishishibata/data_sheet.xlsxの登録を完了
csvファイル/home/share/web/www/happy/wp-content/themes/nanairo/school/obama/data_sheet.xlsxの登録を完了
csvファイル/home/share/web/www/happy/wp-content/themes/nanairo/school/omiya/data_sheet.xlsxの登録を完了
csvファイル/home/share/web/www/happy/wp-content/themes/nanairo/school/ono/data_sheet.xlsxの登録を完了
csvファイル/home/share/web/www/happy/wp-content/themes/nanairo/school/oomachi/data_sheet.xlsxの登録を完了
csvファイル/home/share/web/www/happy/wp-content/themes/nanairo/school/rikuzentakata/data_sheet.xlsxの登録を完了
csvファイル/home/share/web/www/happy/wp-content/themes/nanairo/school/sanin_chuou/data_sheet.xlsxの登録を完了
csvファイル/home/share/web/www/happy/wp-content/themes/nanairo/school/sekiya/data_sheet.xlsxの登録を完了
csvファイル/home/share/web/www/happy/wp-content/themes/nanairo/school/shirone/data_sheet.xlsxの登録を完了
csvファイル/home/share/web/www/happy/wp-content/themes/nanairo/school/sizuokaken_seibu/data_sheet.xlsxの登録を完了
csvファイル/home/share/web/www/happy/wp-content/themes/nanairo/school/suibara/data_sheet.xlsxの登録を完了
csvファイル/home/share/web/www/happy/wp-content/themes/nanairo/school/susochu/data_sheet.xlsxの登録を完了
csvファイル/home/share/web/www/happy/wp-content/themes/nanairo/school/tagami/data_sheet.xlsxの登録を完了
regOpenField():エラーにより中断 ins
csvファイル/home/share/web/www/happy/wp-content/themes/nanairo/school/akita_hokubu/data_sheet.xlsxの登録を完了
csvファイル/home/share/web/www/happy/wp-content/themes/nanairo/school/binan/data_sheet.xlsxの登録を完了
csvファイル/home/share/web/www/happy/wp-content/themes/nanairo/school/fukui/data_sheet.xlsxの登録を完了
csvファイル/home/share/web/www/happy/wp-content/themes/nanairo/school/hiraizumi/data_sheet.xlsxの登録を完了
csvファイル/home/share/web/www/happy/wp-content/themes/nanairo/school/hokuban/data_sheet.xlsxの登録を完了
csvファイル/home/share/web/www/happy/wp-content/themes/nanairo/school/kagohara/data_sheet.xlsxの登録を完了
csvファイル/home/share/web/www/happy/wp-content/themes/nanairo/school/kakegawa/data_sheet.xlsxの登録を完了
csvファイル/home/share/web/www/happy/wp-content/themes/nanairo/school/kanonji/data_sheet.xlsxの登録を完了
csvファイル/home/share/web/www/happy/wp-content/themes/nanairo/school/komatsu/data_sheet.xlsxの登録を完了
csvファイル/home/share/web/www/happy/wp-content/themes/nanairo/school/kyoritsu_emukae/data_sheet.xlsxの登録を完了
csvファイル/home/share/web/www/happy/wp-content/themes/nanairo/school/kyoritsu_hino/data_sheet.xlsxの登録を完了
csvファイル/home/share/web/www/happy/wp-content/themes/nanairo/school/kyoritsu_ono/data_sheet.xlsxの登録を完了
csvファイル/home/share/web/www/happy/wp-content/themes/nanairo/school/magio_kagoshima/data_sheet.xlsxの登録を完了
csvファイル/home/share/web/www/happy/wp-content/themes/nanairo/school/magio_wakayama/data_sheet.xlsxの登録を完了
csvファイル/home/share/web/www/happy/wp-content/themes/nanairo/school/matsueshimane/data_sheet.xlsxの登録を完了
csvファイル/home/share/web/www/happy/wp-content/themes/nanairo/school/matsuki_sakuranbo/data_sheet.xlsxの登録を完了
csvファイル/home/share/web/www/happy/wp-content/themes/nanairo/school/nakakuma/data_sheet.xlsxの登録を完了
csvファイル/home/share/web/www/happy/wp-content/themes/nanairo/school/nihonkai/data_sheet.xlsxの登録を完了
csvファイル/home/share/web/www/happy/wp-content/themes/nanairo/school/nishishibata/data_sheet.xlsxの登録を完了
csvファイル/home/share/web/www/happy/wp-content/themes/nanairo/school/obama/data_sheet.xlsxの登録を完了
csvファイル/home/share/web/www/happy/wp-content/themes/nanairo/school/omiya/data_sheet.xlsxの登録を完了
csvファイル/home/share/web/www/happy/wp-content/themes/nanairo/school/ono/data_sheet.xlsxの登録を完了
csvファイル/home/share/web/www/happy/wp-content/themes/nanairo/school/oomachi/data_sheet.xlsxの登録を完了
csvファイル/home/share/web/www/happy/wp-content/themes/nanairo/school/rikuzentakata/data_sheet.xlsxの登録を完了
csvファイル/home/share/web/www/happy/wp-content/themes/nanairo/school/sanin_chuou/data_sheet.xlsxの登録を完了
csvファイル/home/share/web/www/happy/wp-content/themes/nanairo/school/sekiya/data_sheet.xlsxの登録を完了
csvファイル/home/share/web/www/happy/wp-content/themes/nanairo/school/shirone/data_sheet.xlsxの登録を完了
csvファイル/home/share/web/www/happy/wp-content/themes/nanairo/school/sizuokaken_seibu/data_sheet.xlsxの登録を完了
csvファイル/home/share/web/www/happy/wp-content/themes/nanairo/school/suibara/data_sheet.xlsxの登録を完了
csvファイル/home/share/web/www/happy/wp-content/themes/nanairo/school/susochu/data_sheet.xlsxの登録を完了
csvファイル/home/share/web/www/happy/wp-content/themes/nanairo/school/tagami/data_sheet.xlsxの登録を完了
regOpenField():エラーにより中断 ins
csvファイル/home/share/web/www/happy/wp-content/themes/nanairo/school/akita_hokubu/data_sheet.xlsxの登録を完了
csvファイル/home/share/web/www/happy/wp-content/themes/nanairo/school/binan/data_sheet.xlsxの登録を完了
csvファイル/home/share/web/www/happy/wp-content/themes/nanairo/school/fukui/data_sheet.xlsxの登録を完了
csvファイル/home/share/web/www/happy/wp-content/themes/nanairo/school/hiraizumi/data_sheet.xlsxの登録を完了
csvファイル/home/share/web/www/happy/wp-content/themes/nanairo/school/hokuban/data_sheet.xlsxの登録を完了
csvファイル/home/share/web/www/happy/wp-content/themes/nanairo/school/kagohara/data_sheet.xlsxの登録を完了
csvファイル/home/share/web/www/happy/wp-content/themes/nanairo/school/kakegawa/data_sheet.xlsxの登録を完了
csvファイル/home/share/web/www/happy/wp-content/themes/nanairo/school/kanonji/data_sheet.xlsxの登録を完了
csvファイル/home/share/web/www/happy/wp-content/themes/nanairo/school/komatsu/data_sheet.xlsxの登録を完了
csvファイル/home/share/web/www/happy/wp-content/themes/nanairo/school/kyoritsu_emukae/data_sheet.xlsxの登録を完了
csvファイル/home/share/web/www/happy/wp-content/themes/nanairo/school/kyoritsu_hino/data_sheet.xlsxの登録を完了
csvファイル/home/share/web/www/happy/wp-content/themes/nanairo/school/kyoritsu_ono/data_sheet.xlsxの登録を完了
csvファイル/home/share/web/www/happy/wp-content/themes/nanairo/school/magio_kagoshima/data_sheet.xlsxの登録を完了
csvファイル/home/share/web/www/happy/wp-content/themes/nanairo/school/magio_wakayama/data_sheet.xlsxの登録を完了
csvファイル/home/share/web/www/happy/wp-content/themes/nanairo/school/matsueshimane/data_sheet.xlsxの登録を完了
csvファイル/home/share/web/www/happy/wp-content/themes/nanairo/school/matsuki_sakuranbo/data_sheet.xlsxの登録を完了
csvファイル/home/share/web/www/happy/wp-content/themes/nanairo/school/nakakuma/data_sheet.xlsxの登録を完了
csvファイル/home/share/web/www/happy/wp-content/themes/nanairo/school/nihonkai/data_sheet.xlsxの登録を完了
csvファイル/home/share/web/www/happy/wp-content/themes/nanairo/school/nishishibata/data_sheet.xlsxの登録を完了
csvファイル/home/share/web/www/happy/wp-content/themes/nanairo/school/obama/data_sheet.xlsxの登録を完了
csvファイル/home/share/web/www/happy/wp-content/themes/nanairo/school/omiya/data_sheet.xlsxの登録を完了
csvファイル/home/share/web/www/happy/wp-content/themes/nanairo/school/ono/data_sheet.xlsxの登録を完了
csvファイル/home/share/web/www/happy/wp-content/themes/nanairo/school/oomachi/data_sheet.xlsxの登録を完了
csvファイル/home/share/web/www/happy/wp-content/themes/nanairo/school/rikuzentakata/data_sheet.xlsxの登録を完了
csvファイル/home/share/web/www/happy/wp-content/themes/nanairo/school/sanin_chuou/data_sheet.xlsxの登録を完了
csvファイル/home/share/web/www/happy/wp-content/themes/nanairo/school/sekiya/data_sheet.xlsxの登録を完了
csvファイル/home/share/web/www/happy/wp-content/themes/nanairo/school/shirone/data_sheet.xlsxの登録を完了
csvファイル/home/share/web/www/happy/wp-content/themes/nanairo/school/sizuokaken_seibu/data_sheet.xlsxの登録を完了
csvファイル/home/share/web/www/happy/wp-content/themes/nanairo/school/suibara/data_sheet.xlsxの登録を完了
csvファイル/home/share/web/www/happy/wp-content/themes/nanairo/school/susochu/data_sheet.xlsxの登録を完了
csvファイル/home/share/web/www/happy/wp-content/themes/nanairo/school/tagami/data_sheet.xlsxの登録を完了
csvファイル/home/share/web/www/happy/wp-content/themes/nanairo/school/takefu/data_sheet.xlsxの登録を完了
csvファイル/home/share/web/www/happy/wp-content/themes/nanairo/school/tenryu/data_sheet.xlsxの登録を完了
csvファイル/home/share/web/www/happy/wp-content/themes/nanairo/school/tottori_kurayoshi/data_sheet.xlsxの登録を完了
csvファイル/home/share/web/www/happy/wp-content/themes/nanairo/school/tottori_tobu/data_sheet.xlsxの登録を完了
csvファイル/home/share/web/www/happy/wp-content/themes/nanairo/school/tsuruga/data_sheet.xlsxの登録を完了
csvファイル/home/share/web/www/happy/wp-content/themes/nanairo/school/tsuruoka/data_sheet.xlsxの登録を完了
csvファイル/home/share/web/www/happy/wp-content/themes/nanairo/school/unakami/data_sheet.xlsxの登録を完了
csvファイル/home/share/web/www/happy/wp-content/themes/nanairo/school/yasugi/data_sheet.xlsxの登録を完了
csvファイル/home/share/web/www/happy/wp-content/themes/nanairo/school/yumoto/data_sheet.xlsxの登録を完了
csvファイル/home/share/web/www/happy/wp-content/themes/nanairo/school/akita_hokubu/data_sheet.xlsxの登録を完了
csvファイル/home/share/web/www/happy/wp-content/themes/nanairo/school/binan/data_sheet.xlsxの登録を完了
csvファイル/home/share/web/www/happy/wp-content/themes/nanairo/school/fukui/data_sheet.xlsxの登録を完了
csvファイル/home/share/web/www/happy/wp-content/themes/nanairo/school/hiraizumi/data_sheet.xlsxの登録を完了
csvファイル/home/share/web/www/happy/wp-content/themes/nanairo/school/hokuban/data_sheet.xlsxの登録を完了
csvファイル/home/share/web/www/happy/wp-content/themes/nanairo/school/kagohara/data_sheet.xlsxの登録を完了
csvファイル/home/share/web/www/happy/wp-content/themes/nanairo/school/kakegawa/data_sheet.xlsxの登録を完了
csvファイル/home/share/web/www/happy/wp-content/themes/nanairo/school/kanonji/data_sheet.xlsxの登録を完了
csvファイル/home/share/web/www/happy/wp-content/themes/nanairo/school/komatsu/data_sheet.xlsxの登録を完了
csvファイル/home/share/web/www/happy/wp-content/themes/nanairo/school/akita_hokubu/data_sheet.xlsxの登録を完了
csvファイル/home/share/web/www/happy/wp-content/themes/nanairo/school/binan/data_sheet.xlsxの登録を完了
csvファイル/home/share/web/www/happy/wp-content/themes/nanairo/school/fukui/data_sheet.xlsxの登録を完了
csvファイル/home/share/web/www/happy/wp-content/themes/nanairo/school/hiraizumi/data_sheet.xlsxの登録を完了
csvファイル/home/share/web/www/happy/wp-content/themes/nanairo/school/hokuban/data_sheet.xlsxの登録を完了
csvファイル/home/share/web/www/happy/wp-content/themes/nanairo/school/kagohara/data_sheet.xlsxの登録を完了
csvファイル/home/share/web/www/happy/wp-content/themes/nanairo/school/kakegawa/data_sheet.xlsxの登録を完了
csvファイル/home/share/web/www/happy/wp-content/themes/nanairo/school/kanonji/data_sheet.xlsxの登録を完了
csvファイル/home/share/web/www/happy/wp-content/themes/nanairo/school/komatsu/data_sheet.xlsxの登録を完了
csvファイル/home/share/web/www/happy/wp-content/themes/nanairo/school/kyoritsu_emukae/data_sheet.xlsxの登録を完了
csvファイル/home/share/web/www/happy/wp-content/themes/nanairo/school/kyoritsu_hino/data_sheet.xlsxの登録を完了
csvファイル/home/share/web/www/happy/wp-content/themes/nanairo/school/kyoritsu_ono/data_sheet.xlsxの登録を完了
csvファイル/home/share/web/www/happy/wp-content/themes/nanairo/school/magio_kagoshima/data_sheet.xlsxの登録を完了
csvファイル/home/share/web/www/happy/wp-content/themes/nanairo/school/magio_wakayama/data_sheet.xlsxの登録を完了
csvファイル/home/share/web/www/happy/wp-content/themes/nanairo/school/matsueshimane/data_sheet.xlsxの登録を完了
csvファイル/home/share/web/www/happy/wp-content/themes/nanairo/school/matsuki_sakuranbo/data_sheet.xlsxの登録を完了
csvファイル/home/share/web/www/happy/wp-content/themes/nanairo/school/nakakuma/data_sheet.xlsxの登録を完了
csvファイル/home/share/web/www/happy/wp-content/themes/nanairo/school/nihonkai/data_sheet.xlsxの登録を完了
csvファイル/home/share/web/www/happy/wp-content/themes/nanairo/school/nishishibata/data_sheet.xlsxの登録を完了
csvファイル/home/share/web/www/happy/wp-content/themes/nanairo/school/obama/data_sheet.xlsxの登録を完了
csvファイル/home/share/web/www/happy/wp-content/themes/nanairo/school/omiya/data_sheet.xlsxの登録を完了
csvファイル/home/share/web/www/happy/wp-content/themes/nanairo/school/ono/data_sheet.xlsxの登録を完了
csvファイル/home/share/web/www/happy/wp-content/themes/nanairo/school/oomachi/data_sheet.xlsxの登録を完了
csvファイル/home/share/web/www/happy/wp-content/themes/nanairo/school/rikuzentakata/data_sheet.xlsxの登録を完了
csvファイル/home/share/web/www/happy/wp-content/themes/nanairo/school/sanin_chuou/data_sheet.xlsxの登録を完了
csvファイル/home/share/web/www/happy/wp-content/themes/nanairo/school/sekiya/data_sheet.xlsxの登録を完了
csvファイル/home/share/web/www/happy/wp-content/themes/nanairo/school/shirone/data_sheet.xlsxの登録を完了
csvファイル/home/share/web/www/happy/wp-content/themes/nanairo/school/sizuokaken_seibu/data_sheet.xlsxの登録を完了
csvファイル/home/share/web/www/happy/wp-content/themes/nanairo/school/suibara/data_sheet.xlsxの登録を完了
csvファイル/home/share/web/www/happy/wp-content/themes/nanairo/school/susochu/data_sheet.xlsxの登録を完了
csvファイル/home/share/web/www/happy/wp-content/themes/nanairo/school/tagami/data_sheet.xlsxの登録を完了
csvファイル/home/share/web/www/happy/wp-content/themes/nanairo/school/takefu/data_sheet.xlsxの登録を完了
csvファイル/home/share/web/www/happy/wp-content/themes/nanairo/school/tenryu/data_sheet.xlsxの登録を完了
csvファイル/home/share/web/www/happy/wp-content/themes/nanairo/school/tottori_kurayoshi/data_sheet.xlsxの登録を完了
csvファイル/home/share/web/www/happy/wp-content/themes/nanairo/school/tottori_tobu/data_sheet.xlsxの登録を完了
csvファイル/home/share/web/www/happy/wp-content/themes/nanairo/school/tsuruga/data_sheet.xlsxの登録を完了
csvファイル/home/share/web/www/happy/wp-content/themes/nanairo/school/tsuruoka/data_sheet.xlsxの登録を完了
csvファイル/home/share/web/www/happy/wp-content/themes/nanairo/school/unakami/data_sheet.xlsxの登録を完了
csvファイル/home/share/web/www/happy/wp-content/themes/nanairo/school/yasugi/data_sheet.xlsxの登録を完了
csvファイル/home/share/web/www/happy/wp-content/themes/nanairo/school/yumoto/data_sheet.xlsxの登録を完了
csvファイル/home/share/web/www/happy/wp-content/themes/nanairo/school/yasugi/data_sheet.xlsxの登録を完了
csvファイル/home/share/web/www/happy/wp-content/themes/nanairo/school/akita_hokubu/data_sheet.xlsxの登録を完了
csvファイル/home/share/web/www/happy/wp-content/themes/nanairo/school/yasugi/data_sheet.xlsxの登録を完了
csvファイル/home/share/web/www/happy/wp-content/themes/nanairo/school/akita_hokubu/data_sheet.xlsxの登録を完了
csvファイル/home/share/web/www/happy/wp-content/themes/nanairo/school/binan/data_sheet.xlsxの登録を完了
csvファイル/home/share/web/www/happy/wp-content/themes/nanairo/school/fukui/data_sheet.xlsxの登録を完了
csvファイル/home/share/web/www/happy/wp-content/themes/nanairo/school/hiraizumi/data_sheet.xlsxの登録を完了
csvファイル/home/share/web/www/happy/wp-content/themes/nanairo/school/hokuban/data_sheet.xlsxの登録を完了
csvファイル/home/share/web/www/happy/wp-content/themes/nanairo/school/kagohara/data_sheet.xlsxの登録を完了
csvファイル/home/share/web/www/happy/wp-content/themes/nanairo/school/kakegawa/data_sheet.xlsxの登録を完了
csvファイル/home/share/web/www/happy/wp-content/themes/nanairo/school/kanonji/data_sheet.xlsxの登録を完了
csvファイル/home/share/web/www/happy/wp-content/themes/nanairo/school/komatsu/data_sheet.xlsxの登録を完了
csvファイル/home/share/web/www/happy/wp-content/themes/nanairo/school/kyoritsu_emukae/data_sheet.xlsxの登録を完了
csvファイル/home/share/web/www/happy/wp-content/themes/nanairo/school/kyoritsu_hino/data_sheet.xlsxの登録を完了
csvファイル/home/share/web/www/happy/wp-content/themes/nanairo/school/kyoritsu_ono/data_sheet.xlsxの登録を完了
csvファイル/home/share/web/www/happy/wp-content/themes/nanairo/school/magio_kagoshima/data_sheet.xlsxの登録を完了
csvファイル/home/share/web/www/happy/wp-content/themes/nanairo/school/magio_wakayama/data_sheet.xlsxの登録を完了
csvファイル/home/share/web/www/happy/wp-content/themes/nanairo/school/matsueshimane/data_sheet.xlsxの登録を完了
csvファイル/home/share/web/www/happy/wp-content/themes/nanairo/school/matsuki_sakuranbo/data_sheet.xlsxの登録を完了
csvファイル/home/share/web/www/happy/wp-content/themes/nanairo/school/nakakuma/data_sheet.xlsxの登録を完了
csvファイル/home/share/web/www/happy/wp-content/themes/nanairo/school/nihonkai/data_sheet.xlsxの登録を完了
csvファイル/home/share/web/www/happy/wp-content/themes/nanairo/school/nishishibata/data_sheet.xlsxの登録を完了
csvファイル/home/share/web/www/happy/wp-content/themes/nanairo/school/obama/data_sheet.xlsxの登録を完了
csvファイル/home/share/web/www/happy/wp-content/themes/nanairo/school/omiya/data_sheet.xlsxの登録を完了
csvファイル/home/share/web/www/happy/wp-content/themes/nanairo/school/ono/data_sheet.xlsxの登録を完了
csvファイル/home/share/web/www/happy/wp-content/themes/nanairo/school/oomachi/data_sheet.xlsxの登録を完了
csvファイル/home/share/web/www/happy/wp-content/themes/nanairo/school/rikuzentakata/data_sheet.xlsxの登録を完了
csvファイル/home/share/web/www/happy/wp-content/themes/nanairo/school/sanin_chuou/data_sheet.xlsxの登録を完了
csvファイル/home/share/web/www/happy/wp-content/themes/nanairo/school/sekiya/data_sheet.xlsxの登録を完了
csvファイル/home/share/web/www/happy/wp-content/themes/nanairo/school/shirone/data_sheet.xlsxの登録を完了
csvファイル/home/share/web/www/happy/wp-content/themes/nanairo/school/sizuokaken_seibu/data_sheet.xlsxの登録を完了
csvファイル/home/share/web/www/happy/wp-content/themes/nanairo/school/suibara/data_sheet.xlsxの登録を完了
csvファイル/home/share/web/www/happy/wp-content/themes/nanairo/school/susochu/data_sheet.xlsxの登録を完了
csvファイル/home/share/web/www/happy/wp-content/themes/nanairo/school/tagami/data_sheet.xlsxの登録を完了
csvファイル/home/share/web/www/happy/wp-content/themes/nanairo/school/takefu/data_sheet.xlsxの登録を完了
csvファイル/home/share/web/www/happy/wp-content/themes/nanairo/school/tenryu/data_sheet.xlsxの登録を完了
csvファイル/home/share/web/www/happy/wp-content/themes/nanairo/school/tottori_kurayoshi/data_sheet.xlsxの登録を完了
csvファイル/home/share/web/www/happy/wp-content/themes/nanairo/school/tottori_tobu/data_sheet.xlsxの登録を完了
csvファイル/home/share/web/www/happy/wp-content/themes/nanairo/school/tsuruga/data_sheet.xlsxの登録を完了
csvファイル/home/share/web/www/happy/wp-content/themes/nanairo/school/tsuruoka/data_sheet.xlsxの登録を完了
csvファイル/home/share/web/www/happy/wp-content/themes/nanairo/school/yasugi/data_sheet.xlsxの登録を完了
csvファイル/home/share/web/www/happy/wp-content/themes/nanairo/school/yumoto/data_sheet.xlsxの登録を完了
csvファイル/home/share/web/www/happy/wp-content/themes/nanairo/school/akita_hokubu/data_sheet.xlsxの登録を完了
csvファイル/home/share/web/www/happy/wp-content/themes/nanairo/school/binan/data_sheet.xlsxの登録を完了
csvファイル/home/share/web/www/happy/wp-content/themes/nanairo/school/fukui/data_sheet.xlsxの登録を完了
csvファイル/home/share/web/www/happy/wp-content/themes/nanairo/school/hiraizumi/data_sheet.xlsxの登録を完了
csvファイル/home/share/web/www/happy/wp-content/themes/nanairo/school/hokuban/data_sheet.xlsxの登録を完了
csvファイル/home/share/web/www/happy/wp-content/themes/nanairo/school/kagohara/data_sheet.xlsxの登録を完了
csvファイル/home/share/web/www/happy/wp-content/themes/nanairo/school/kakegawa/data_sheet.xlsxの登録を完了
csvファイル/home/share/web/www/happy/wp-content/themes/nanairo/school/kanonji/data_sheet.xlsxの登録を完了
csvファイル/home/share/web/www/happy/wp-content/themes/nanairo/school/komatsu/data_sheet.xlsxの登録を完了
csvファイル/home/share/web/www/happy/wp-content/themes/nanairo/school/kyoritsu_emukae/data_sheet.xlsxの登録を完了
csvファイル/home/share/web/www/happy/wp-content/themes/nanairo/school/kyoritsu_hino/data_sheet.xlsxの登録を完了
csvファイル/home/share/web/www/happy/wp-content/themes/nanairo/school/kyoritsu_ono/data_sheet.xlsxの登録を完了
csvファイル/home/share/web/www/happy/wp-content/themes/nanairo/school/magio_kagoshima/data_sheet.xlsxの登録を完了
csvファイル/home/share/web/www/happy/wp-content/themes/nanairo/school/magio_wakayama/data_sheet.xlsxの登録を完了
csvファイル/home/share/web/www/happy/wp-content/themes/nanairo/school/matsueshimane/data_sheet.xlsxの登録を完了
csvファイル/home/share/web/www/happy/wp-content/themes/nanairo/school/matsuki_sakuranbo/data_sheet.xlsxの登録を完了
csvファイル/home/share/web/www/happy/wp-content/themes/nanairo/school/nakakuma/data_sheet.xlsxの登録を完了
csvファイル/home/share/web/www/happy/wp-content/themes/nanairo/school/nihonkai/data_sheet.xlsxの登録を完了
csvファイル/home/share/web/www/happy/wp-content/themes/nanairo/school/nishishibata/data_sheet.xlsxの登録を完了
csvファイル/home/share/web/www/happy/wp-content/themes/nanairo/school/obama/data_sheet.xlsxの登録を完了
csvファイル/home/share/web/www/happy/wp-content/themes/nanairo/school/omiya/data_sheet.xlsxの登録を完了
csvファイル/home/share/web/www/happy/wp-content/themes/nanairo/school/ono/data_sheet.xlsxの登録を完了
csvファイル/home/share/web/www/happy/wp-content/themes/nanairo/school/oomachi/data_sheet.xlsxの登録を完了
csvファイル/home/share/web/www/happy/wp-content/themes/nanairo/school/rikuzentakata/data_sheet.xlsxの登録を完了
csvファイル/home/share/web/www/happy/wp-content/themes/nanairo/school/sanin_chuou/data_sheet.xlsxの登録を完了
csvファイル/home/share/web/www/happy/wp-content/themes/nanairo/school/sekiya/data_sheet.xlsxの登録を完了
csvファイル/home/share/web/www/happy/wp-content/themes/nanairo/school/shirone/data_sheet.xlsxの登録を完了
csvファイル/home/share/web/www/happy/wp-content/themes/nanairo/school/sizuokaken_seibu/data_sheet.xlsxの登録を完了
csvファイル/home/share/web/www/happy/wp-content/themes/nanairo/school/suibara/data_sheet.xlsxの登録を完了
csvファイル/home/share/web/www/happy/wp-content/themes/nanairo/school/susochu/data_sheet.xlsxの登録を完了
csvファイル/home/share/web/www/happy/wp-content/themes/nanairo/school/tagami/data_sheet.xlsxの登録を完了
csvファイル/home/share/web/www/happy/wp-content/themes/nanairo/school/takefu/data_sheet.xlsxの登録を完了
csvファイル/home/share/web/www/happy/wp-content/themes/nanairo/school/tenryu/data_sheet.xlsxの登録を完了
csvファイル/home/share/web/www/happy/wp-content/themes/nanairo/school/tottori_kurayoshi/data_sheet.xlsxの登録を完了
csvファイル/home/share/web/www/happy/wp-content/themes/nanairo/school/tottori_tobu/data_sheet.xlsxの登録を完了
csvファイル/home/share/web/www/happy/wp-content/themes/nanairo/school/tsuruga/data_sheet.xlsxの登録を完了
csvファイル/home/share/web/www/happy/wp-content/themes/nanairo/school/tsuruoka/data_sheet.xlsxの登録を完了
csvファイル/home/share/web/www/happy/wp-content/themes/nanairo/school/yasugi/data_sheet.xlsxの登録を完了
csvファイル/home/share/web/www/happy/wp-content/themes/nanairo/school/yumoto/data_sheet.xlsxの登録を完了
